<?xml version="1.0" encoding="UTF-8"?>
<!-- Generated by org.testng.reporters.JUnitReportReporter -->
<testsuite skipped="0" hostname="LAPTOP-7N9NOA3S" name="insuranceCalculation_Motorcycle.EndToEndTests_motorcycle" tests="3" failures="0" timestamp="2023-03-10T17:16:26 GMT" time="54.038" errors="0">
  <testcase name="insuranceCalculate" time="18.468" classname="insuranceCalculation_Motorcycle.EndToEndTests_motorcycle"/>
  <system-out/>
  <testcase name="insuranceCalculate" time="18.564" classname="insuranceCalculation_Motorcycle.EndToEndTests_motorcycle"/>
  <system-out/>
  <testcase name="insuranceCalculate" time="17.006" classname="insuranceCalculation_Motorcycle.EndToEndTests_motorcycle"/>
  <system-out/>
</testsuite> <!-- insuranceCalculation_Motorcycle.EndToEndTests_motorcycle -->
