<?xml version="1.0" encoding="UTF-8"?>
<!-- Generated by org.testng.reporters.JUnitReportReporter -->
<testsuite skipped="0" hostname="LAPTOP-7N9NOA3S" name="sample.FirstClass" tests="1" failures="0" timestamp="2023-03-04T01:11:09 GMT" time="0.007" errors="0">
  <testcase name="sample" time="0.007" classname="sample.FirstClass"/>
  <system-out/>
</testsuite> <!-- sample.FirstClass -->
